2018-01-15 19:25:00 INFO  LoggerServiceImpl:27 - Brands list returned
2018-01-15 19:38:02 INFO  LoggerServiceImpl:27 - Brands list returned
2018-01-15 19:38:13 INFO  LoggerServiceImpl:33 - Brand returned
2018-01-16 08:27:39 INFO  LoggerServiceImpl:23 - Designers list returned
2018-01-16 08:27:45 INFO  LoggerServiceImpl:29 - Designer returned
2018-01-16 08:29:35 INFO  LoggerServiceImpl:45 - Brands saved
2018-01-16 08:30:01 INFO  LoggerServiceImpl:75 - Brand edited
2018-01-16 10:03:32 INFO  LoggerServiceImpl:41 - Designer deleted
2018-01-16 10:07:43 INFO  LoggerServiceImpl:41 - Designer deleted
2018-01-16 10:07:43 ERROR LoggerServiceImpl:44 - Can not delete data that not exists
2018-01-16 10:28:27 INFO  LoggerServiceImpl:41 - Designer deleted
2018-01-16 10:28:27 ERROR LoggerServiceImpl:24 - Data does not exist
2018-01-16 13:49:49 INFO  LoggerServiceImpl:50 - Designer save
2018-01-16 13:50:38 INFO  LoggerServiceImpl:44 - Designer returned
2018-01-16 13:50:47 INFO  LoggerServiceImpl:81 - author deleted
2018-01-16 13:51:14 INFO  LoggerServiceImpl:28 - Designers list returned
2018-01-16 13:51:38 INFO  LoggerServiceImpl:81 - author deleted
2018-01-16 13:59:37 INFO  LoggerServiceImpl:50 - Designer save
2018-01-16 13:59:51 INFO  LoggerServiceImpl:66 - Designer updated
2018-01-16 14:00:11 INFO  LoggerServiceImpl:85 - Designer deleted
2018-01-16 14:00:27 INFO  LoggerServiceImpl:66 - Designer updated
2018-01-16 14:02:24 INFO  LoggerServiceImpl:50 - Designer save
2018-01-16 14:02:37 INFO  LoggerServiceImpl:85 - Designer deleted
2018-01-16 14:02:45 INFO  LoggerServiceImpl:66 - Designer updated
2018-01-16 16:04:05 INFO  LoggerServiceImpl:50 - Designer save
2018-01-16 16:05:31 INFO  LoggerServiceImpl:50 - Designer save
2018-01-16 16:05:38 INFO  LoggerServiceImpl:44 - Designer returned
2018-01-16 16:07:18 INFO  LoggerServiceImpl:50 - Designer save
2018-01-16 16:11:36 INFO  LoggerServiceImpl:50 - Designer save
2018-01-16 16:11:46 INFO  LoggerServiceImpl:50 - Designer save
2018-01-16 16:14:05 INFO  LoggerServiceImpl:51 - Designer save
2018-01-16 16:14:17 INFO  LoggerServiceImpl:51 - Designer save
2018-01-17 08:40:00 INFO  LoggerServiceImpl:45 - Brands saved
2018-01-17 08:40:05 INFO  LoggerServiceImpl:45 - Brands saved
2018-01-17 08:40:25 INFO  LoggerServiceImpl:50 - Brand deleted
2018-01-17 08:40:25 ERROR LoggerServiceImpl:25 - Data does not exist
2018-01-17 08:41:12 INFO  LoggerServiceImpl:45 - Brands saved
2018-01-17 08:41:16 INFO  LoggerServiceImpl:27 - Brands list returned
2018-01-17 08:41:41 INFO  LoggerServiceImpl:45 - Designer save
2018-01-17 08:41:49 INFO  LoggerServiceImpl:60 - Designer updated
2018-01-17 08:42:34 INFO  LoggerServiceImpl:60 - Designer updated
2018-01-17 08:42:58 INFO  LoggerServiceImpl:45 - Designer save
2018-01-17 08:43:21 INFO  LoggerServiceImpl:60 - Designer updated
2018-01-17 09:02:42 INFO  LoggerServiceImpl:73 - Brands saved
2018-01-17 09:02:55 INFO  LoggerServiceImpl:73 - Brands saved
2018-01-17 09:04:48 INFO  LoggerServiceImpl:104 - Brand edited
2018-01-17 09:06:06 INFO  LoggerServiceImpl:73 - Brands saved
2018-01-17 09:06:13 INFO  LoggerServiceImpl:104 - Brand edited
2018-01-17 09:06:20 INFO  LoggerServiceImpl:61 - Brand returned
2018-01-17 09:22:39 INFO  LoggerServiceImpl:73 - Brands saved
2018-01-17 09:22:52 INFO  LoggerServiceImpl:56 - Brand deleted
2018-01-17 09:23:18 INFO  LoggerServiceImpl:28 - Brands list returned
2018-01-17 09:24:25 INFO  LoggerServiceImpl:68 - Brands saved
2018-01-17 09:24:37 INFO  LoggerServiceImpl:51 - Brand deleted
2018-01-17 09:26:17 INFO  LoggerServiceImpl:64 - Brands saved
2018-01-17 09:26:29 INFO  LoggerServiceImpl:47 - Brand deleted
2018-01-17 09:26:31 INFO  LoggerServiceImpl:52 - Brand returned
2018-01-17 09:29:43 INFO  LoggerServiceImpl:65 - Brands saved
2018-01-17 09:29:52 INFO  LoggerServiceImpl:47 - Brand deleted
2018-01-17 09:29:55 INFO  LoggerServiceImpl:53 - Brand returned
2018-01-17 09:32:24 INFO  LoggerServiceImpl:46 - Designer save
2018-01-17 09:32:35 INFO  LoggerServiceImpl:71 - Designer deleted
2018-01-17 09:32:38 INFO  LoggerServiceImpl:39 - Designer returned
2018-01-17 09:32:50 INFO  LoggerServiceImpl:61 - Designer updated
2018-01-17 09:32:55 INFO  LoggerServiceImpl:39 - Designer returned
2018-01-17 09:33:03 INFO  LoggerServiceImpl:22 - Designers list returned
2018-01-17 09:35:42 INFO  LoggerServiceImpl:46 - Designer save
2018-01-17 09:35:52 INFO  LoggerServiceImpl:71 - Designer deleted
2018-01-17 09:35:57 INFO  LoggerServiceImpl:39 - Designer returned
2018-01-17 09:36:05 INFO  LoggerServiceImpl:61 - Designer updated
2018-01-17 09:36:09 INFO  LoggerServiceImpl:39 - Designer returned
2018-01-17 09:46:41 INFO  LoggerServiceImpl:46 - Designer save
2018-01-17 09:46:58 INFO  LoggerServiceImpl:61 - Designer updated
2018-01-17 09:47:02 INFO  LoggerServiceImpl:39 - Designer returned
